[    0.000000] Initializing cgroup subsys cpuset
[    0.000000] Initializing cgroup subsys cpu
[    0.000000] Initializing cgroup subsys cpuacct
[    0.000000] Linux version 4.4.0-112-generic (buildd@lgw01-amd64-010) (gcc version 5.4.0 20160609 (Ubuntu 5.4.0-6ubuntu1~16.04.5) ) #135-Ubuntu SMP Fri Jan 19 11:48:36 UTC 2018 (Ubuntu 4.4.0-112.135-generic 4.4.98)
[    0.000000] Command line: BOOT_IMAGE=/boot/vmlinuz-4.4.0-112-generic root=LABEL=cloudimg-rootfs ro console=tty1 console=ttyS0
[    0.000000] KERNEL supported cpus:
[    0.000000]   Intel GenuineIntel
[    0.000000]   AMD AuthenticAMD
[    0.000000]   Centaur CentaurHauls
[    0.000000] x86/fpu: xstate_offset[2]:  576, xstate_sizes[2]:  256
[    0.000000] x86/fpu: Supporting XSAVE feature 0x01: 'x87 floating point registers'
[    0.000000] x86/fpu: Supporting XSAVE feature 0x02: 'SSE registers'
[    0.000000] x86/fpu: Supporting XSAVE feature 0x04: 'AVX registers'
[    0.000000] x86/fpu: Enabled xstate features 0x7, context size is 832 bytes, using 'standard' format.
[    0.000000] x86/fpu: Using 'lazy' FPU context switches.
[    0.000000] e820: BIOS-provided physical RAM map:
[    0.000000] BIOS-e820: [mem 0x0000000000000000-0x000000000009fbff] usable
[    0.000000] BIOS-e820: [mem 0x000000000009fc00-0x000000000009ffff] reserved
[    0.000000] BIOS-e820: [mem 0x00000000000f0000-0x00000000000fffff] reserved
[    0.000000] BIOS-e820: [mem 0x0000000000100000-0x00000000dffeffff] usable
[    0.000000] BIOS-e820: [mem 0x00000000dfff0000-0x00000000dfffffff] ACPI data
[    0.000000] BIOS-e820: [mem 0x00000000fec00000-0x00000000fec00fff] reserved
[    0.000000] BIOS-e820: [mem 0x00000000fee00000-0x00000000fee00fff] reserved
[    0.000000] BIOS-e820: [mem 0x00000000fffc0000-0x00000000ffffffff] reserved
[    0.000000] BIOS-e820: [mem 0x0000000100000000-0x000000011fffffff] usable
[    0.000000] NX (Execute Disable) protection: active
[    0.000000] SMBIOS 2.5 present.
[    0.000000] Hypervisor detected: KVM
[    0.000000] e820: last_pfn = 0x120000 max_arch_pfn = 0x400000000
[    0.000000] MTRR: Disabled
[    0.000000] x86/PAT: MTRRs disabled, skipping PAT initialization too.
[    0.000000] CPU MTRRs all blank - virtualized system.
[    0.000000] x86/PAT: Configuration [0-7]: WB  WT  UC- UC  WB  WT  UC- UC  
[    0.000000] e820: last_pfn = 0xdfff0 max_arch_pfn = 0x400000000
[    0.000000] found SMP MP-table at [mem 0x0009fff0-0x0009ffff] mapped at [ffff88000009fff0]
[    0.000000] Scanning 1 areas for low memory corruption
[    0.000000] RAMDISK: [mem 0x36acc000-0x3755dfff]
[    0.000000] ACPI: Early table checksum verification disabled
[    0.000000] ACPI: RSDP 0x00000000000E0000 000024 (v02 VBOX  )
[    0.000000] ACPI: XSDT 0x00000000DFFF0030 00003C (v01 VBOX   VBOXXSDT 00000001 ASL  00000061)
[    0.000000] ACPI: FACP 0x00000000DFFF00F0 0000F4 (v04 VBOX   VBOXFACP 00000001 ASL  00000061)
[    0.000000] ACPI: DSDT 0x00000000DFFF0470 0021C8 (v02 VBOX   VBOXBIOS 00000002 INTL 20100528)
[    0.000000] ACPI: FACS 0x00000000DFFF0200 000040
[    0.000000] ACPI: FACS 0x00000000DFFF0200 000040
[    0.000000] ACPI: APIC 0x00000000DFFF0240 00005C (v02 VBOX   VBOXAPIC 00000001 ASL  00000061)
[    0.000000] ACPI: SSDT 0x00000000DFFF02A0 0001CC (v01 VBOX   VBOXCPUT 00000002 INTL 20100528)
[    0.000000] No NUMA configuration found
[    0.000000] Faking a node at [mem 0x0000000000000000-0x000000011fffffff]
[    0.000000] NODE_DATA(0) allocated [mem 0x11fff7000-0x11fffbfff]
[    0.000000] kvm-clock: Using msrs 4b564d01 and 4b564d00
[    0.000000] kvm-clock: cpu 0, msr 1:1ffef001, primary cpu clock
[    0.000000] kvm-clock: using sched offset of 3213417530 cycles
[    0.000000] clocksource: kvm-clock: mask: 0xffffffffffffffff max_cycles: 0x1cd42e4dffb, max_idle_ns: 881590591483 ns
[    0.000000] Zone ranges:
[    0.000000]   DMA      [mem 0x0000000000001000-0x0000000000ffffff]
[    0.000000]   DMA32    [mem 0x0000000001000000-0x00000000ffffffff]
[    0.000000]   Normal   [mem 0x0000000100000000-0x000000011fffffff]
[    0.000000]   Device   empty
[    0.000000] Movable zone start for each node
[    0.000000] Early memory node ranges
[    0.000000]   node   0: [mem 0x0000000000001000-0x000000000009efff]
[    0.000000]   node   0: [mem 0x0000000000100000-0x00000000dffeffff]
[    0.000000]   node   0: [mem 0x0000000100000000-0x000000011fffffff]
[    0.000000] Initmem setup node 0 [mem 0x0000000000001000-0x000000011fffffff]
[    0.000000] ACPI: PM-Timer IO Port: 0x4008
[    0.000000] IOAPIC[0]: apic_id 2, version 32, address 0xfec00000, GSI 0-23
[    0.000000] ACPI: INT_SRC_OVR (bus 0 bus_irq 0 global_irq 2 dfl dfl)
[    0.000000] ACPI: INT_SRC_OVR (bus 0 bus_irq 9 global_irq 9 high level)
[    0.000000] Using ACPI (MADT) for SMP configuration information
[    0.000000] smpboot: Allowing 2 CPUs, 0 hotplug CPUs
[    0.000000] PM: Registered nosave memory: [mem 0x00000000-0x00000fff]
[    0.000000] PM: Registered nosave memory: [mem 0x0009f000-0x0009ffff]
[    0.000000] PM: Registered nosave memory: [mem 0x000a0000-0x000effff]
[    0.000000] PM: Registered nosave memory: [mem 0x000f0000-0x000fffff]
[    0.000000] PM: Registered nosave memory: [mem 0xdfff0000-0xdfffffff]
[    0.000000] PM: Registered nosave memory: [mem 0xe0000000-0xfebfffff]
[    0.000000] PM: Registered nosave memory: [mem 0xfec00000-0xfec00fff]
[    0.000000] PM: Registered nosave memory: [mem 0xfec01000-0xfedfffff]
[    0.000000] PM: Registered nosave memory: [mem 0xfee00000-0xfee00fff]
[    0.000000] PM: Registered nosave memory: [mem 0xfee01000-0xfffbffff]
[    0.000000] PM: Registered nosave memory: [mem 0xfffc0000-0xffffffff]
[    0.000000] e820: [mem 0xe0000000-0xfebfffff] available for PCI devices
[    0.000000] Booting paravirtualized kernel on KVM
[    0.000000] clocksource: refined-jiffies: mask: 0xffffffff max_cycles: 0xffffffff, max_idle_ns: 7645519600211568 ns
[    0.000000] setup_percpu: NR_CPUS:512 nr_cpumask_bits:512 nr_cpu_ids:2 nr_node_ids:1
[    0.000000] PERCPU: Embedded 34 pages/cpu @ffff88011fc00000 s99544 r8192 d31528 u1048576
[    0.000000] PV qspinlock hash table entries: 256 (order: 0, 4096 bytes)
[    0.000000] Built 1 zonelists in Node order, mobility grouping on.  Total pages: 1032057
[    0.000000] Policy zone: Normal
[    0.000000] Kernel command line: BOOT_IMAGE=/boot/vmlinuz-4.4.0-112-generic root=LABEL=cloudimg-rootfs ro console=tty1 console=ttyS0
[    0.000000] PID hash table entries: 4096 (order: 3, 32768 bytes)
[    0.000000] Memory: 4032220K/4193848K available (8499K kernel code, 1309K rwdata, 3988K rodata, 1508K init, 1316K bss, 161628K reserved, 0K cma-reserved)
[    0.000000] SLUB: HWalign=64, Order=0-3, MinObjects=0, CPUs=2, Nodes=1
[    0.000000] Kernel/User page tables isolation: enabled
[    0.000000] Hierarchical RCU implementation.
[    0.000000] 	Build-time adjustment of leaf fanout to 64.
[    0.000000] 	RCU restricting CPUs from NR_CPUS=512 to nr_cpu_ids=2.
[    0.000000] RCU: Adjusting geometry for rcu_fanout_leaf=64, nr_cpu_ids=2
[    0.000000] NR_IRQS:33024 nr_irqs:440 16
[    0.000000] Console: colour VGA+ 80x25
[    0.000000] console [tty1] enabled
[    0.000000] console [ttyS0] enabled
[    0.000000] tsc: Detected 1995.381 MHz processor
[   14.231085] Calibrating delay loop (skipped) preset value.. 3990.76 BogoMIPS (lpj=7981524)
[   14.350649] pid_max: default: 32768 minimum: 301
[   14.421850] ACPI: Core revision 20150930
[   14.483783] ACPI: 2 ACPI AML tables successfully acquired and loaded
[   14.583955] Security Framework initialized
[   14.643185] Yama: becoming mindful.
[   14.679752] AppArmor: AppArmor initialized
[   14.682621] Dentry cache hash table entries: 524288 (order: 10, 4194304 bytes)
[   14.688062] Inode-cache hash table entries: 262144 (order: 9, 2097152 bytes)
[   14.784206] Mount-cache hash table entries: 8192 (order: 4, 65536 bytes)
[   14.893146] Mountpoint-cache hash table entries: 8192 (order: 4, 65536 bytes)
[   15.001504] Initializing cgroup subsys io
[   15.061837] Initializing cgroup subsys memory
[   15.124983] Initializing cgroup subsys devices
[   15.196828] Initializing cgroup subsys freezer
[   15.265285] Initializing cgroup subsys net_cls
[   15.328819] Initializing cgroup subsys perf_event
[   15.408986] Initializing cgroup subsys net_prio
[   15.471357] Initializing cgroup subsys hugetlb
[   15.541572] Initializing cgroup subsys pids
[   15.599466] CPU: Physical Processor ID: 0
[   15.651513] CPU: Processor Core ID: 0
[   15.719175] FEATURE SPEC_CTRL Not Present
[   15.760430] mce: CPU supports 0 MCE banks
[   15.788755] Last level iTLB entries: 4KB 1024, 2MB 1024, 4MB 1024
[   15.790246] Last level dTLB entries: 4KB 1024, 2MB 1024, 4MB 1024, 1GB 4
[   15.793761] Freeing SMP alternatives memory: 32K
[   15.875935] ftrace: allocating 32180 entries in 126 pages
[   15.998527] smpboot: APIC(0) Converting physical 0 to logical package 0
[   16.113108] smpboot: Max logical packages: 1
[   16.185057] x2apic enabled
[   16.235096] Switched APIC routing to physical x2apic.
[   16.319085] ..TIMER: vector=0x30 apic1=0 pin1=2 apic2=-1 pin2=-1
[   16.523203] smpboot: CPU0: Intel(R) Core(TM) i7-4750HQ CPU @ 2.00GHz (family: 0x6, model: 0x46, stepping: 0x1)
[   16.703853] Performance Events: unsupported p6 CPU model 70 no PMU driver, software events only.
[   16.852140] KVM setup paravirtual spinlock
[   16.884643] x86: Booting SMP configuration:
[   16.935331] .... node  #0, CPUs:      #1
[   16.996356] kvm-clock: cpu 1, msr 1:1ffef041, secondary cpu clock
[   17.102364] mce: CPU supports 0 MCE banks
[   17.173604] x86: Booted up 1 node, 2 CPUs
[   17.236066] smpboot: Total of 2 processors activated (7981.52 BogoMIPS)
[   17.358590] devtmpfs: initialized
[   17.410407] evm: security.selinux
[   17.452699] evm: security.SMACK64
[   17.498621] evm: security.SMACK64EXEC
[   17.548765] evm: security.SMACK64TRANSMUTE
[   17.607682] evm: security.SMACK64MMAP
[   17.664605] evm: security.ima
[   17.699533] evm: security.capability
[   17.769557] clocksource: jiffies: mask: 0xffffffff max_cycles: 0xffffffff, max_idle_ns: 7645041785100000 ns
[   17.915080] futex hash table entries: 512 (order: 3, 32768 bytes)
[   17.981824] pinctrl core: initialized pinctrl subsystem
[   18.038531] RTC time:  3:46:45, date: 02/20/18
[   18.086849] NET: Registered protocol family 16
[   18.176910] cpuidle: using governor ladder
[   18.253131] cpuidle: using governor menu
[   18.320604] PCCT header not found.
[   18.383221] ACPI: bus type PCI registered
[   18.450650] acpiphp: ACPI Hot Plug PCI Controller Driver version: 0.5
[   18.553436] PCI: Using configuration type 1 for base access
[   18.650173] ACPI: Added _OSI(Module Device)
[   18.700637] ACPI: Added _OSI(Processor Device)
[   18.772191] ACPI: Added _OSI(3.0 _SCP Extensions)
[   18.831723] ACPI: Added _OSI(Processor Aggregator Device)
[   18.896345] ACPI: Executed 1 blocks of module-level executable AML code
[   19.007353] ACPI: Interpreter enabled
[   19.060025] ACPI: (supports S0 S5)
[   19.083010] ACPI: Using IOAPIC for interrupt routing
[   19.118573] PCI: Using host bridge windows from ACPI; if necessary, use "pci=nocrs" and report a bug
[   19.125138] ACPI: PCI Root Bridge [PCI0] (domain 0000 [bus 00-ff])
[   19.229161] acpi PNP0A03:00: _OSC: OS supports [ASPM ClockPM Segments MSI]
[   19.345004] acpi PNP0A03:00: _OSC failed (AE_NOT_FOUND); disabling ASPM
[   19.442856] acpi PNP0A03:00: fail to add MMCONFIG information, can't access extended PCI configuration space under this bridge.
[   19.613305] PCI host bridge to bus 0000:00
[   19.694839] pci_bus 0000:00: root bus resource [io  0x0000-0x0cf7 window]
[   19.787339] pci_bus 0000:00: root bus resource [io  0x0d00-0xffff window]
[   19.863988] pci_bus 0000:00: root bus resource [mem 0x000a0000-0x000bffff window]
[   19.980873] pci_bus 0000:00: root bus resource [mem 0xe0000000-0xffdfffff window]
[   20.075808] pci_bus 0000:00: root bus resource [bus 00-ff]
[   20.170850] pci 0000:00:01.1: legacy IDE quirk: reg 0x10: [io  0x01f0-0x01f7]
[   20.251901] pci 0000:00:01.1: legacy IDE quirk: reg 0x14: [io  0x03f6]
[   20.341594] pci 0000:00:01.1: legacy IDE quirk: reg 0x18: [io  0x0170-0x0177]
[   20.457491] pci 0000:00:01.1: legacy IDE quirk: reg 0x1c: [io  0x0376]
[   20.584823] pci 0000:00:07.0: quirk: [io  0x4000-0x403f] claimed by PIIX4 ACPI
[   20.683908] pci 0000:00:07.0: quirk: [io  0x4100-0x410f] claimed by PIIX4 SMB
[   20.815699] ACPI: PCI Interrupt Link [LNKA] (IRQs 5 9 10 *11)
[   20.906203] ACPI: PCI Interrupt Link [LNKB] (IRQs 5 9 10 *11)
[   20.985887] ACPI: PCI Interrupt Link [LNKC] (IRQs 5 9 *10 11)
[   21.064110] ACPI: PCI Interrupt Link [LNKD] (IRQs 5 *9 10 11)
[   21.139883] ACPI: Enabled 2 GPEs in block 00 to 07
[   21.206816] vgaarb: setting as boot device: PCI:0000:00:02.0
[   21.298095] vgaarb: device added: PCI:0000:00:02.0,decodes=io+mem,owns=io+mem,locks=none
[   21.339692] vgaarb: loaded
[   21.340496] vgaarb: bridge control possible 0000:00:02.0
[   21.342097] SCSI subsystem initialized
[   21.343219] ACPI: bus type USB registered
[   21.344272] usbcore: registered new interface driver usbfs
[   21.351081] usbcore: registered new interface driver hub
[   21.441165] usbcore: registered new device driver usb
[   21.537794] PCI: Using ACPI for IRQ routing
[   21.618498] NetLabel: Initializing
[   21.657825] NetLabel:  domain hash size = 128
[   21.721200] NetLabel:  protocols = UNLABELED CIPSOv4
[   21.793948] NetLabel:  unlabeled traffic allowed by default
[   21.884750] amd_nb: Cannot enumerate AMD northbridges
[   21.957022] clocksource: Switched to clocksource kvm-clock
[   22.076417] AppArmor: AppArmor Filesystem Enabled
[   22.199264] pnp: PnP ACPI init
[   22.282832] pnp: PnP ACPI: found 3 devices
[   22.396108] clocksource: acpi_pm: mask: 0xffffff max_cycles: 0xffffff, max_idle_ns: 2085701024 ns
[   22.588804] NET: Registered protocol family 2
[   22.705108] TCP established hash table entries: 32768 (order: 6, 262144 bytes)
[   22.890827] TCP bind hash table entries: 32768 (order: 7, 524288 bytes)
[   23.060344] TCP: Hash tables configured (established 32768 bind 32768)
[   23.212866] UDP hash table entries: 2048 (order: 4, 65536 bytes)
[   23.372333] UDP-Lite hash table entries: 2048 (order: 4, 65536 bytes)
[   23.508541] NET: Registered protocol family 1
[   23.569610] pci 0000:00:00.0: Limiting direct PCI/PCI transfers
[   23.704484] pci 0000:00:01.0: Activating ISA DMA hang workarounds
[   23.829778] Unpacking initramfs...
[   25.562888] Freeing initrd memory: 10824K
[   25.672817] PCI-DMA: Using software bounce buffering for IO (SWIOTLB)
[   25.827673] software IO TLB [mem 0xdbff0000-0xdfff0000] (64MB) mapped at [ffff8800dbff0000-ffff8800dffeffff]
[   26.102850] platform rtc_cmos: registered platform RTC device (no PNP device found)
[   26.328590] Scanning for low memory corruption every 60 seconds
[   26.498479] audit: initializing netlink subsys (disabled)
[   26.646396] audit: type=2000 audit(1519098398.159:1): initialized
[   26.810995] Initialise system trusted keyring
[   26.861783] HugeTLB registered 2 MB page size, pre-allocated 0 pages
[   26.973660] zbud: loaded
[   27.032555] VFS: Disk quotas dquot_6.6.0
[   27.141871] tsc: Refined TSC clocksource calibration: 1996.551 MHz
[   27.318476] clocksource: tsc: mask: 0xffffffffffffffff max_cycles: 0x398ee7fc9fb, max_idle_ns: 881590616647 ns
[   27.318601] VFS: Dquot-cache hash table entries: 512 (order 0, 4096 bytes)
[   27.318841] squashfs: version 4.0 (2009/01/31) Phillip Lougher
[   27.319060] fuse init (API version 7.23)
[   27.319169] Key type big_key registered
[   27.319192] Allocating IMA MOK and blacklist keyrings.
[   27.319362] Key type asymmetric registered
[   27.319367] Asymmetric key parser 'x509' registered
[   27.319398] Block layer SCSI generic (bsg) driver version 0.4 loaded (major 249)
[   27.319422] io scheduler noop registered
[   27.319424] io scheduler deadline registered (default)
[   27.319448] io scheduler cfq registered
[   27.319540] pci_hotplug: PCI Hot Plug PCI Core version: 0.5
[   27.319545] pciehp: PCI Express Hot Plug Controller Driver version: 0.4
[   27.319920] ACPI: AC Adapter [AC] (on-line)
[   27.319972] input: Power Button as /devices/LNXSYSTM:00/LNXPWRBN:00/input/input0
[   27.319975] ACPI: Power Button [PWRF]
[   27.320061] input: Sleep Button as /devices/LNXSYSTM:00/LNXSLPBN:00/input/input1
[   27.320063] ACPI: Sleep Button [SLPF]
[   27.320207] GHES: HEST is not enabled!
[   27.321401] ACPI: Battery Slot [BAT0] (battery present)
[   27.321444] Serial: 8250/16550 driver, 32 ports, IRQ sharing enabled
[   27.626665] 00:02: ttyS0 at I/O 0x3f8 (irq = 4, base_baud = 115200) is a 16550A
[   27.793552] Linux agpgart interface v0.103
[   27.964651] loop: module loaded
[   27.965281] scsi host0: ata_piix
[   27.965356] scsi host1: ata_piix
[   27.965398] ata1: PATA max UDMA/33 cmd 0x1f0 ctl 0x3f6 bmdma 0xd000 irq 14
[   27.965399] ata2: PATA max UDMA/33 cmd 0x170 ctl 0x376 bmdma 0xd008 irq 15
[   27.965478] libphy: Fixed MDIO Bus: probed
[   27.965480] tun: Universal TUN/TAP device driver, 1.6
[   27.965480] tun: (C) 1999-2004 Max Krasnyansky <maxk@qualcomm.com>
[   27.966086] PPP generic driver version 2.4.2
[   27.966154] ehci_hcd: USB 2.0 'Enhanced' Host Controller (EHCI) Driver
[   27.966157] ehci-pci: EHCI PCI platform driver
[   27.966168] ehci-platform: EHCI generic platform driver
[   27.966175] ohci_hcd: USB 1.1 'Open' Host Controller (OHCI) Driver
[   27.966178] ohci-pci: OHCI PCI platform driver
[   27.966184] ohci-platform: OHCI generic platform driver
[   27.966191] uhci_hcd: USB Universal Host Controller Interface driver
[   27.966238] i8042: PNP: PS/2 Controller [PNP0303:PS2K,PNP0f03:PS2M] at 0x60,0x64 irq 1,12
[   27.999616] serio: i8042 KBD port at 0x60,0x64 irq 1
[   27.999620] serio: i8042 AUX port at 0x60,0x64 irq 12
[   27.999722] mousedev: PS/2 mouse device common for all mice
[   28.000033] rtc_cmos rtc_cmos: rtc core: registered rtc_cmos as rtc0
[   28.000086] rtc_cmos rtc_cmos: alarms up to one day, 114 bytes nvram
[   28.000092] i2c /dev entries driver
[   28.000141] device-mapper: uevent: version 1.0.3
[   28.000186] device-mapper: ioctl: 4.34.0-ioctl (2015-10-28) initialised: dm-devel@redhat.com
[   28.000203] ledtrig-cpu: registered to indicate activity on CPUs
[   28.000445] NET: Registered protocol family 10
[   28.000579] NET: Registered protocol family 17
[   28.000588] Key type dns_resolver registered
[   28.080346] microcode: CPU0 sig=0x40661, pf=0x40, revision=0x0
[   28.080428] microcode: CPU1 sig=0x40661, pf=0x40, revision=0x0
[   28.080504] microcode: Microcode Update Driver: v2.01 <tigran@aivazian.fsnet.co.uk>, Peter Oruba
[   28.080638] registered taskstats version 1
[   28.080649] Loading compiled-in X.509 certificates
[   28.081273] Loaded X.509 cert 'Build time autogenerated kernel key: 4c603087bab8f0a02cb3b4e1fb4c40f507e71ef1'
[   28.081294] zswap: loaded using pool lzo/zbud
[   28.082942] Key type trusted registered
[   28.085812] Key type encrypted registered
[   28.085816] AppArmor: AppArmor sha1 policy hashing enabled
[   28.085820] ima: No TPM chip found, activating TPM-bypass!
[   28.085835] evm: HMAC attrs: 0x1
[   28.086201]   Magic number: 6:30:766
[   28.311859] rtc_cmos rtc_cmos: setting system clock to 2018-02-20 03:46:55 UTC (1519098415)
[   28.312025] BIOS EDD facility v0.16 2004-Jun-25, 0 devices found
[   28.312025] EDD information not available.
[   28.994331] input: AT Translated Set 2 keyboard as /devices/platform/i8042/serio0/input/input2
[   34.490591] Freeing unused kernel memory: 1508K
[   34.621821] Write protecting the kernel read-only data: 14336k
[   34.650261] Freeing unused kernel memory: 1728K
[   34.682766] Freeing unused kernel memory: 108K
Loading, please wait...
[   34.907964] random: systemd-udevd: uninitialized urandom read (16 bytes read, 5 bits of entropy available)
starting version[   34.908574] random: udevadm: uninitialized urandom read (16 bytes read, 5 bits of entropy available)
 229
[   34.908596] random: udevadm: uninitialized urandom read (16 bytes read, 5 bits of entropy available)
[   34.921009] random: udevadm: uninitialized urandom read (16 bytes read, 5 bits of entropy available)
[   34.921056] random: udevadm: uninitialized urandom read (16 bytes read, 5 bits of entropy available)
[   34.921222] random: udevadm: uninitialized urandom read (16 bytes read, 5 bits of entropy available)
[   34.921286] random: udevadm: uninitialized urandom read (16 bytes read, 5 bits of entropy available)
[   34.921349] random: udevadm: uninitialized urandom read (16 bytes read, 5 bits of entropy available)
[   34.921412] random: udevadm: uninitialized urandom read (16 bytes read, 5 bits of entropy available)
[   34.921554] random: udevadm: uninitialized urandom read (16 bytes read, 5 bits of entropy available)
[   36.928386] e1000: Intel(R) PRO/1000 Network Driver - version 7.3.21-k8-NAPI
[   37.253726] e1000: Copyright (c) 1999-2006 Intel Corporation.
[   37.368360] AVX version of gcm_enc/dec engaged.
[   37.375344] Fusion MPT base driver 3.04.20
[   37.375345] Copyright (c) 1999-2008 LSI Corporation
[   37.631747] AES CTR mode by8 optimization enabled
[   37.726334] Fusion MPT SPI Host driver 3.04.20
[   37.902282] input: ImExPS/2 Generic Explorer Mouse as /devices/platform/i8042/serio1/input/input4
[   38.351350] e1000 0000:00:03.0 eth0: (PCI:33MHz:32-bit) 02:66:2d:c5:e5:fb
[   38.471111] e1000 0000:00:03.0 eth0: Intel(R) PRO/1000 Network Connection
[   38.598696] mptbase: ioc0: Initiating bringup
[   38.737597] ioc0: LSI53C1030 A0: Capabilities={Initiator}
[   39.055994] scsi host2: ioc0: LSI53C1030 A0, FwRev=00000000h, Ports=1, MaxQ=256, IRQ=20
[   39.306113] scsi 2:0:0:0: Direct-Access     VBOX     HARDDISK         1.0  PQ: 0 ANSI: 5
[   39.393529] scsi target2:0:0: Beginning Domain Validation
[   39.433437] scsi target2:0:0: Domain Validation skipping write tests
[   39.472911] scsi target2:0:0: Ending Domain Validation
[   39.510149] scsi target2:0:0: asynchronous
[   39.536272] scsi 2:0:1:0: Direct-Access     VBOX     HARDDISK         1.0  PQ: 0 ANSI: 5
[   39.595763] scsi target2:0:1: Beginning Domain Validation
[   39.640422] scsi target2:0:1: Domain Validation skipping write tests
[   39.643158] scsi target2:0:1: Ending Domain Validation
[   39.644654] scsi target2:0:1: asynchronous
[   39.699801] e1000 0000:00:08.0 eth1: (PCI:33MHz:32-bit) 08:00:27:5c:5a:e3
[   39.699805] e1000 0000:00:08.0 eth1: Intel(R) PRO/1000 Network Connection
[   40.174485] e1000 0000:00:03.0 enp0s3: renamed from eth0
[   40.204892] sd 2:0:0:0: Attached scsi generic sg0 type 0
[   40.293809] floppy0: no floppy controllers found
[   40.379419] sd 2:0:0:0: [sda] 20971520 512-byte logical blocks: (10.7 GB/10.0 GiB)
[   40.382260] e1000 0000:00:08.0 enp0s8: renamed from eth1
[   40.382962] sd 2:0:1:0: Attached scsi generic sg1 type 0
[   40.728398] sd 2:0:1:0: [sdb] 20480 512-byte logical blocks: (10.5 MB/10.0 MiB)
[   40.728614] sd 2:0:0:0: [sda] Write Protect is off
[   40.728843] sd 2:0:0:0: [sda] Incomplete mode parameter data
[   40.728844] sd 2:0:0:0: [sda] Assuming drive cache: write through
[   41.031822]  sda: sda1
[   41.033121] sd 2:0:0:0: [sda] Attached SCSI disk
[   41.335763] sd 2:0:1:0: [sdb] Write Protect is off
[   41.373209] sd 2:0:1:0: [sdb] Incomplete mode parameter data
[   41.475281] sd 2:0:1:0: [sdb] Assuming drive cache: write through
[   41.599403] sd 2:0:1:0: [sdb] Attached SCSI disk
Begin: Loading e[   43.043045] md: linear personality registered for level -1
ssential drivers[   43.157004] md: multipath personality registered for level -4
 ... [   43.259282] md: raid0 personality registered for level 0
[   43.341242] md: raid1 personality registered for level 1
[   43.505093] raid6: sse2x1   gen()  9068 MB/s
[   43.605187] raid6: sse2x1   xor()  7063 MB/s
[   43.737032] raid6: sse2x2   gen() 10934 MB/s
[   43.873271] raid6: sse2x2   xor()  7541 MB/s
[   44.005106] raid6: sse2x4   gen() 13710 MB/s
[   44.137169] raid6: sse2x4   xor()  9172 MB/s
[   44.206408] raid6: using algorithm sse2x4 gen() 13710 MB/s
[   44.321731] raid6: .... xor() 9172 MB/s, rmw enabled
[   44.426292] raid6: using ssse3x2 recovery algorithm
[   44.511263] xor: automatically using best checksumming function:
[   44.657368]    avx       : 27535.000 MB/sec
[   44.773734] async_tx: api initialized (async)
[   44.845767] md: raid6 personality registered for level 6
[   44.948540] md: raid5 personality registered for level 5
[   45.043733] md: raid4 personality registered for level 4
[   45.149548] md: raid10 personality registered for level 10
done.
Begin: Running /scripts/init-p[   45.414873] Btrfs loaded
remount ... done.
Begin: Mounting root file system ... Begin: R[   45.505648] EXT4-fs (sda1): mounted filesystem with ordered data mode. Opts: (null)
unning /scripts/local-top ... done.
Begin: Running /scripts/local-premount ... Scanning for Btrfs filesystems
done.
Warning: fsck not present, so skipping root file system
done.
Begin: Running /scripts/local-bottom ... done.
Begin: Running /scripts/init-bottom ... done.
[   45.820402] systemd[1]: systemd 229 running in system mode. (+PAM +AUDIT +SELINUX +IMA +APPARMOR +SMACK +SYSVINIT +UTMP +LIBCRYPTSETUP +GCRYPT +GNUTLS +ACL +XZ -LZ4 +SECCOMP +BLKID +ELFUTILS +KMOD -IDN)
[   46.253314] systemd[1]: Detected virtualization oracle.
[   46.373212] systemd[1]: Detected architecture x86-64.

Welcome to [1mUbuntu 16.04.3 LTS[0m!

[   46.530130] systemd[1]: Set hostname to <ubuntu>.
[   46.669750] systemd[1]: Initializing machine ID from random generator.
[   46.826639] systemd[1]: Installed transient /etc/machine-id file.
[   47.000643] systemd[1]: Listening on Device-mapper event daemon FIFOs.
[[0;32m  OK  [0m] Listening on Device-mapper event daemon FIFOs.
[   47.237763] systemd[1]: Started Trigger resolvconf update for networkd DNS.
[[0;32m  OK  [0m] Started Trigger resolvconf update for networkd DNS.
[   47.481957] systemd[1]: Listening on Journal Audit Socket.
[[0;32m  OK  [0m] Listening on Journal Audit Socket.
[   47.665796] systemd[1]: Started Forward Password Requests to Wall Directory Watch.
[[0;32m  OK  [0m] Started Forward Password Requests to Wall Directory Watch.
[   47.905692] systemd[1]: Listening on Journal Socket (/dev/log).
[[0;32m  OK  [0m] Listening on Journal Socket (/dev/log).
[   47.984856] systemd[1]: Listening on LVM2 poll daemon socket.
[[0;32m  OK  [0m] Listening on LVM2 poll daemon socket.
[   48.133812] systemd[1]: Listening on udev Kernel Socket.
[[0;32m  OK  [0m] Listening on udev Kernel Socket.
[   48.317726] systemd[1]: Reached target User and Group Name Lookups.
[[0;32m  OK  [0m] Reached target User and Group Name Lookups.
[   48.537826] systemd[1]: Listening on /dev/initctl Compatibility Named Pipe.
[[0;32m  OK  [0m] Listening on /dev/initctl Compatibility Named Pipe.
[   48.773930] systemd[1]: Reached target Swap.
[[0;32m  OK  [0m] Reached target Swap.
[   48.934610] systemd[1]: Created slice System Slice.
[[0;32m  OK  [0m] Created slice System Slice.
[   49.090143] systemd[1]: Listening on LVM2 metadata daemon socket.
[[0;32m  OK  [0m] Listening on LVM2 metadata daemon socket.
[   49.294060] systemd[1]: Set up automount Arbitrary Executable File Formats File System Automount Point.
[[0;32m  OK  [0m] Set up automount Arbitrary Executab...ats File System Automount Point.
[   49.626405] systemd[1]: Created slice system-serial\x2dgetty.slice.
[[0;32m  OK  [0m] Created slice system-serial\x2dgetty.slice.
[   49.841987] systemd[1]: Listening on udev Control Socket.
[[0;32m  OK  [0m] Listening on udev Control Socket.
[   50.030161] systemd[1]: Created slice User and Session Slice.
[[0;32m  OK  [0m] Created slice User and Session Slice.
[   50.193447] systemd[1]: Reached target Slices.
[[0;32m  OK  [0m] Reached target Slices.
[   50.209513] systemd[1]: Reached target Encrypted Volumes.
[[0;32m  OK  [0m] Reached target Encrypted Volumes.
[   50.402423] systemd[1]: Listening on Syslog Socket.
[[0;32m  OK  [0m] Listening on Syslog Socket.
[   50.565930] systemd[1]: Listening on Journal Socket.
[[0;32m  OK  [0m] Listening on Journal Socket.
[   50.753528] systemd[1]: Mounting Debug File System...
         Mounting Debug File System...
[   50.901734] systemd[1]: Starting Monitoring of LVM2 mirrors, snapshots etc. using dmeventd or progress polling...
[   51.075624] random: nonblocking pool is initialized
         Starting Monitoring of LVM2 mirrors... dmeventd or progress polling...
[   51.281489] systemd[1]: Starting Set console keymap...
         Starting Set console keymap...
[   51.349750] systemd[1]: Starting Journal Service...
         Starting Journal Service...
[   51.481638] systemd[1]: Starting Remount Root and Kernel File Systems...
         [   51.627247] EXT4-fs (sda1): re-mounted. Opts: (null)
Starting Remount Root and Kernel File Systems...
[   51.789520] systemd[1]: Mounting POSIX Message Queue File System...
         Mounting POSIX Message Queue File System...
[   51.967567] systemd[1]: Starting Uncomplicated firewall...
         Starting Uncomplicated firewall...
[   52.101812] systemd[1]: Starting Nameserver information manager...
         Starting Nameserver information manager...
[   52.281573] systemd[1]: Mounting Huge Pages File System...
         Mounting Huge Pages File System...
[   52.417752] systemd[1]: Starting Load Kernel Modules...
         [   52.548888] Loading iSCSI transport class v2.0-870.
Starting Load Ke[   52.813719] iscsi: registered transport (tcp)
rnel Modules...
[   53.089631] iscsi: registered transport (iser)
[   53.229279] systemd[1]: Starting Create list of required static device nodes for the current kernel...
         Starting Create list of required st... nodes for the current kernel...
[   53.489087] systemd[1]: Mounted POSIX Message Queue File System.
[[0;32m  OK  [0m] Mounted POSIX Message Queue File System.
[   53.645907] systemd[1]: Mounted Debug File System.
[[0;32m  OK  [0m] Mounted Debug File System.
[   53.817964] systemd[1]: Mounted Huge Pages File System.
[[0;32m  OK  [0m] Mounted Huge Pages File System.
[   53.997697] systemd[1]: Started Journal Service.
[[0;32m  OK  [0m] Started Journal Service.
[[0;32m  OK  [0m] Started Set console keymap.
[[0;32m  OK  [0m] Started Remount Root and Kernel File Systems.
[[0;32m  OK  [0m] Started Uncomplicated firewall.
[[0;32m  OK  [0m] Started Load Kernel Modules.
[[0;32m  OK  [0m] Started Create list of required sta...ce nodes for the current kernel.
[[0;32m  OK  [0m] Started Nameserver information manager.
[[0;32m  OK  [0m] Started LVM2 metadata daemon.
         Starting Create Static Device Nodes in /dev...
         Starting Apply Kernel Variables...
         Mounting FUSE Control File System...
         Starting Initial cloud-init job (pre-networking)...
         Starting Load/Save Random Seed...
         Starting udev Coldplug all Devices...
         Starting Flush Journal to Persistent Storage...
[[0;32m  OK  [0m] Mounted FUSE Control File System.
[[0;32m  OK  [0m] Started Monitoring of LVM2 mirrors,...ng dmeventd or progress polling.
[[0;32m  OK  [0m] Started Create Static Device Nodes in /dev.
[[0;32m  OK  [0m] Started Apply Kernel Variables.
[[0;32m  OK  [0m] Started Load/Save Random Seed.
[[0;32m  OK  [0m] Started Flush Journal to Persistent Storage.
[[0;32m  OK  [0m] Started udev Coldplug all Devices.
         Starting udev Kernel Device Manager...
[[0;32m  OK  [0m] Started udev Kernel Device Manager.
[[0;32m  OK  [0m] Reached target Local File Systems (Pre).
[[0;32m  OK  [0m] Reached target Local File Systems.
[   34.252000] cloud-init[455]: Cloud-init v. 17.1 running 'init-local' at Tue, 20 Feb 2018 03:47:22 +0000. Up 34.01 seconds.
         Starting Set console font and keymap...
         Starting Tell Plymouth To Write Out Runtime Data...
         Starting Commit a transient machine-id on disk...
         Starting Create Volatile Files and Directories...
         Starting LSB: AppArmor initialization...
[[0;32m  OK  [0m] Started Dispatch Password Requests to Console Directory Watch.
[[0;32m  OK  [0m] Started Set console font and keymap.
[[0;32m  OK  [0m] Started Tell Plymouth To Write Out Runtime Data.
[[0;32m  OK  [0m] Started Commit a transient machine-id on disk.
[[0;32m  OK  [0m] Started Create Volatile Files and Directories.
[[0;32m  OK  [0m] Started Initial cloud-init job (pre-networking).
[[0;32m  OK  [0m] Found device /dev/ttyS0.
[[0;32m  OK  [0m] Listening on Load/Save RF Kill Switch Status /dev/rfkill Watch.
[[0;32m  OK  [0m] Reached target Network (Pre).
         Starting Update UTMP about System Boot/Shutdown...
[[0;32m  OK  [0m] Reached target System Time Synchronized.
[[0;32m  OK  [0m] Created slice system-getty.slice.
[[0;32m  OK  [0m] Started LSB: AppArmor initialization.
[[0;32m  OK  [0m] Started Update UTMP about System Boot/Shutdown.
         Starting Raise network interfaces...
[[0;32m  OK  [0m] Started ifup for enp0s3.
[[0;32m  OK  [0m] Started Raise network interfaces.
[[0;32m  OK  [0m] Reached target Network.
         Starting Initial cloud-init job (metadata service crawler)...
[   38.404590] cloud-init[976]: Cloud-init v. 17.1 running 'init' at Tue, 20 Feb 2018 03:47:26 +0000. Up 37.82 seconds.
[   38.444164] cloud-init[976]: ci-info: ++++++++++++++++++++++++++++++++++++++Net device info++++++++++++++++++++++++++++++++++++++
[[0;32m  OK  [0m] Started Initial cloud-init job (metadata service crawler).
[   38.518906] cloud-init[976]: ci-info: +--------+-------+----------------------------+---------------+-------+-------------------+
[   38.636449] cloud-init[976]: ci-info: | Device |   Up  |          Address           |      Mask     | Scope |     Hw-Address    |
[   38.654718] cloud-init[976]: ci-info: +--------+-------+----------------------------+---------------+-------+-------------------+
[[0;32m  OK  [0m] Reached target Cloud-config availability.
[   38.656366] [cloud-init[0;32m  OK  [0m[976]: ] ci-info: | enp0s3 |  True |         10.0.2.15          | 255.255.255.0 |   .   | 02:66:2d:c5:e5:fb |Reached target Network is Online.

[   38.759355] cloud-init[976]: ci-info: | enp0s3 |  True | fe80::66:2dff:fec5:e5fb/64 |       .       |  link | 02:66:2d:c5:e5:fb |
         Starting iSCSI initiator daemon (iscsid)...
[[0;32m  OK  [0m] Reached target System Initialization.
[[0;32m  OK  [0m] Started Daily Cleanup of Temporary Directories.
[   38.837078] cloud-init[976]: ci-info: | enp0s8 | False |             .              |       .       |   .   | 08:00:27:5c:5a:e3 |
[   39.008486] cloud-init[976]: ci-info: |   lo   |  True |         127.0.0.1          |   255.0.0.0   |   .   |         .         |
[[0;32m  OK  [0m] Listening on D-Bus System Message Bus Socket.
[[0;32m  OK  [0m] Started Daily apt download activities.
[[0;32m  OK  [0m] Listening on ACPID Listen Socket.
[   39.065339] cloud-init[976]: ci-info: |   lo   |  True |          ::1/128           |       .       |  host |         .         |
[   39.197600] cloud-init[976]: ci-info: +--------+-------+----------------------------+---------------+-------+-------------------+
[   39.216347] cloud-init[976]: ci-info: +++++++++++++++++++++++++++Route IPv4 info++++++++++++++++++++++++++++
[   39.216536] cloud-init[976]: ci-info: +-------+-------------+----------+---------------+-----------+-------+
[   39.216868] cloud-init[976]: ci-info: | Route | Destination | Gateway  |    Genmask    | Interface | Flags |
[   39.216939] cloud-init[976]: ci-info: +-------+-------------+----------+---------------+-----------+-------+
[   39.217014] cloud-init[976]: ci-info: |   0   |   0.0.0.0   | 10.0.2.2 |    0.0.0.0    |   enp0s3  |   UG  |
[   39.217080] cloud-init[976]: ci-info: |   1   |   10.0.2.0  | 0.0.0.0  | 255.255.255.0 |   enp0s3  |   U   |
[   39.217148] cloud-init[976]: ci-info: +-------+-------------+----------+---------------+-----------+-------+
[   39.217212] cloud-init[976]: Generating public/private rsa key pair.
[   39.217278] cloud-init[976]: Your identification has been saved in /etc/ssh/ssh_host_rsa_key.
[   39.217342] cloud-init[976]: Your public key has been saved in /etc/ssh/ssh_host_rsa_key.pub.
[   39.217407] cloud-init[976]: The key fingerprint is:
[   39.217473] cloud-init[976]: SHA256:4FzBGuzDsWKB9CaU8T9ApwLIbzYzbXoji8ENkxIno6g root@ubuntu-xenial
[   39.217538] cloud-init[976]: The key's randomart image is:
[   39.217606] cloud-init[976]: +---[RSA 2048]----+
[   39.217673] cloud-init[976]: |+.++.....        |
[   39.217737] cloud-init[976]: |=+++.o+ ..       |
[   39.217802] cloud-init[976]: |o== B+.=.        |
[   39.218137] cloud-init[976]: |++ @oB*o         |
[   39.218208] cloud-init[976]: |+ *.*.=.S        |
[   39.218275] cloud-init[976]: |Eo + o .         |
[   39.218339] cloud-init[976]: |  o + .          |
[   39.218405] cloud-init[976]: | . .             |
[   39.218469] cloud-init[976]: |                 |
[   39.218538] cloud-init[976]: +----[SHA256]-----+
[   39.218605] cloud-init[976]: Generating public/private dsa key pair.
[   39.218669] cloud-init[976]: Your identification has been saved in /etc/ssh/ssh_host_dsa_key.
[   39.218734] cloud-init[976]: Your public key has been saved in /etc/ssh/ssh_host_dsa_key.pub.
[   39.218799] cloud-init[976]: The key fingerprint is:
[   39.218863] cloud-init[976]: SHA256:SsaJX9BEVl63BdfNuccZfgV5vSwtVnGc2THd76eZJOU root@ubuntu-xenial
[   39.218929] cloud-init[976]: The key's randomart image is:
[   39.218993] cloud-init[976]: +---[DSA 1024]----+
[   39.219061] cloud-init[976]: |       .+.. . +X^|
[   39.219127] cloud-init[976]: |       + . . ..X#|
[   39.219191] cloud-init[976]: |      . . .   *oB|
[   39.219256] cloud-init[976]: |     o o     +.B=|
[   39.219367] cloud-init[976]: |    . = S   .oo.o|
[   39.219430] cloud-init[976]: |     + o    . E o|
[   39.219489] cloud-init[976]: |      o      o +.|
[   39.219547] cloud-init[976]: |              +  |
[   39.219605] cloud-init[976]: |                 |
[   39.219664] cloud-init[976]: +----[SHA256]-----+
[   39.219721] cloud-init[976]: Generating public/private ecdsa key pair.
[   39.219785] cloud-init[976]: Your identification has been saved in /etc/ssh/ssh_host_ecdsa_key.
[   39.219844] cloud-init[976]: Your public key has been saved in /etc/ssh/ssh_host_ecdsa_key.pub.
[   39.219901] cloud-init[976]: The key fingerprint is:
[   39.219960] cloud-init[976]: SHA256:ujSaMKYYfeeqtpaOambBlXfLFbwk4gzf75cUUdBRNLw root@ubuntu-xenial
[[0;32m  OK  [0m] Started Timer to automatically refresh installed snaps.
         Starting Socket activation for snappy daemon.
[   39.220095] cloud-init[976]: The key's randomart image is:
[   40.696494]          cloud-initStarting LXD - unix socket.[976]: 
+---[ECDSA 256]---+
[   40.733153] [cloud-init[0;32m  OK  [0m[976]: ] |        .  .+o=+ |Started Daily apt upgrade and clean activities.

[[0;32m  OK  [0m] Reached target Timers.
[[0;32m  OK  [0m] Listening on UUID daemon activation socket.
[   40.734402] cloud-init[976]: |   . . . + . . ..|
[   40.838975] [[0;32m  OK  [0m] Started ACPI Events Check.
[cloud-init[976]: |    * o o o .   .|[0;32m  OK  [0m
] Reached target Paths.
[   40.840304] cloud-init[976]: |   o = o o .   E |
[   40.953143] [cloud-init[0;32m  OK  [0m[976]: ] |. . . o S   .    |Listening on Socket activation for snappy daemon.

[   40.954406] cloud-init[976]: | +     + . .     |
[[0;32m  OK  [0m] Listening on LXD - unix socket.
[[0;32m  OK  [0m] Started iSCSI initiator daemon (iscsid).
[   41.025692] cloud-init[976]: |. *.. = . . .    |
         Starting Login to default iSCSI targets...
[[0;32m  OK  [0m] Reached target Sockets.
[   41.144506] cloud-init[976]: |.O++ * o . o     |
[   41.240657] [cloud-init[0;32m  OK  [0m[976]: ] |X++o+.o   .      |Reached target Basic System.

[   41.242287] cloud-init[976]: +----[SHA256]-----+
[   41.320488]          cloud-initStarting Login Service...[976]: 
Generating public/private ed25519 key pair.
[   41.372388] cloud-init[976]: Your identification has been saved in /etc/ssh/ssh_host_ed25519_key.
[   41.448391] cloud-init[976]: Your public key has been saved in /etc/ssh/ssh_host_ed25519_key.pub.
         Starting LXD - container startup/shutdown...
[[0;32m  OK  [0m] Started Unattended Upgrades Shutdown.
[   41.491543] cloud-init[976]: The key fingerprint is:
[   41.600358] cloud-init[976]: SHA256:X5Cg3S426pYAa1QGTt4bFLHLFvKh8f2LjK8dD0x6xjY root@ubuntu-xenial
[   41.668353] cloud-init[976]: The key's randomart image is:
[   41.692388] cloud-init[976]: +--[ED25519 256]--+
[   41.724415] cloud-init[976]: |  o.+o  .        |
[   41.724622] cloud-init[976]: | + oo. o o .     |
[   41.725228] cloud-init[976]: |  =o* . . +      |
[   41.725336] cloud-init[976]: |  oB B   . .     |
[   41.725424] cloud-init[976]: | ..oB o S . .    |
[   41.725509] cloud-init[976]: |  o..= + + .     |
[   41.725596] cloud-init[976]: | .  ..E.. .      |
[   41.725728] cloud-init[976]: |     Oo* .       |
[   41.725814] cloud-init[976]: |    o+* o        |
[   41.725900] cloud-init[976]: +----[SHA256]-----+
         Starting /etc/rc.local Compatibility...
[[0;32m  OK  [0m] Started ACPI event daemon.
         Starting LSB: MD monitoring daemon...
[[0;32m  OK  [0m] Started Regular background program processing daemon.
         Starting Accounts Service...
[[0;32m  OK  [0m] Started Deferred execution scheduler.
         Starting LSB: Record successful boot for GRUB...
         Starting Apply the settings specified in cloud-config...
         Starting System Logging Service...
[[0;32m  OK  [0m] Started FUSE filesystem for LXC.
[[0;32m  OK  [0m] Started D-Bus System Message Bus.
         Starting Pollinate to seed the pseudo random number generator...
         Starting Snappy daemon...
[[0;32m  OK  [0m] Started System Logging Service.
[[0;32m  OK  [0m] Started LXD - container startup/shutdown.
[[0;32m  OK  [0m] Started /etc/rc.local Compatibility.
[[0;32m  OK  [0m] Started Snappy daemon.
[[0;32m  OK  [0m] Started Login to default iSCSI targets.
[[0;32m  OK  [0m] Started LSB: MD monitoring daemon.
[[0;32m  OK  [0m] Started LSB: Record successful boot for GRUB.
[   42.937989] cloud-init[1112]: Generating locales (this might take a while)...
[[0;32m  OK  [0m] Started Login Service.
         Starting Authenticate and Authorize Users to Run Privileged Tasks...
[[0;32m  OK  [0m] Reached target Remote File Systems (Pre).
[[0;32m  OK  [0m] Reached target Remote File Systems.
         Starting LSB: automatic crash report generation...
         Starting LSB: Set the CPU Frequency Scaling governor to "ondemand"...
         Starting Permit User Sessions...
         Starting LSB: VirtualBox Linux Additions...
         Starting LSB: daemon to balance interrupts for SMP systems...
[[0;32m  OK  [0m] Started Permit User Sessions.
[[0;32m  OK  [0m] Started Authenticate and Authorize Users to Run Privileged Tasks.
[[0;32m  OK  [0m] Started Accounts Service.
[[0;32m  OK  [0m] Started LSB: Set the CPU Frequency Scaling governor to "ondemand".
[[0;32m  OK  [0m] Started LSB: automatic crash report generation.
         Starting Terminate Plymouth Boot Screen...
         Starting Hold until boot process finishes up...
[[0;32m  OK  [0m] Started LSB: VirtualBox Linux Additions.
[[0;32m  OK  [0m] Started LSB: daemon to balance interrupts for SMP systems.
[[0;32m  OK  [0m] Started Terminate Plymouth Boot Screen.
[[0;32m  OK  [0m] Started Hold until boot process finishes up.
[[0;32m  OK  [0m] Started Getty on tty1.
[[0;32m  OK  [0m] Started Serial Getty on ttyS0.
[[0;32m  OK  [0m] Reached target Login Prompts.
[   43.920750] cloud-init[1112]:   en_US.UTF-8... done
[   44.024835] cloud-init[1112]: Generation complete.
         Starting Set console scheme...
[[0;32m  OK  [0m] Started Set console scheme.
[[0;32m  OK  [0m] Started Pollinate to seed the pseudo random number generator.
         Starting OpenBSD Secure Shell server...
[[0;32m  OK  [0m] Started OpenBSD Secure Shell server.
[[0;32m  OK  [0m] Reached target Multi-User System.
[[0;32m  OK  [0m] Reached target Graphical Interface.
[   44.271476] cloud-init[1112]: Cloud-init v. 17.1 running 'modules:config' at Tue, 20 Feb 2018 03:47:31 +0000. Up 42.76 seconds.
         Starting Update UTMP about System Runlevel Changes...
[[0;32m  OK  [0m] Started Apply the settings specified in cloud-config.
[[0;32m  OK  [0m] Started Update UTMP about System Runlevel Changes.
[[0;32m  OK  [0m] Created slice User Slice of vagrant.
         Starting User Manager for UID 1000...
         Starting Execute cloud user/final scripts...
[[0;32m  OK  [0m] Started User Manager for UID 1000.
[[0;32m  OK  [0m] Started Session 1 of user vagrant.
ci-info: no authorized ssh keys fingerprints found for user ubuntu.
<14>Feb 20 03:47:33 ec2: 
<14>Feb 20 03:47:33 ec2: #############################################################
<14>Feb 20 03:47:33 ec2: -----BEGIN SSH HOST KEY FINGERPRINTS-----
<14>Feb 20 03:47:33 ec2: 1024 SHA256:SsaJX9BEVl63BdfNuccZfgV5vSwtVnGc2THd76eZJOU root@ubuntu-xenial (DSA)
<14>Feb 20 03:47:33 ec2: 256 SHA256:ujSaMKYYfeeqtpaOambBlXfLFbwk4gzf75cUUdBRNLw root@ubuntu-xenial (ECDSA)
<14>Feb 20 03:47:33 ec2: 256 SHA256:X5Cg3S426pYAa1QGTt4bFLHLFvKh8f2LjK8dD0x6xjY root@ubuntu-xenial (ED25519)
<14>Feb 20 03:47:33 ec2: 2048 SHA256:4FzBGuzDsWKB9CaU8T9ApwLIbzYzbXoji8ENkxIno6g root@ubuntu-xenial (RSA)
<14>Feb 20 03:47:33 ec2: -----END SSH HOST KEY FINGERPRINTS-----
<14>Feb 20 03:47:33 ec2: #############################################################
-----BEGIN SSH HOST KEY KEYS-----
ecdsa-sha2-nistp256 AAAAE2VjZHNhLXNoYTItbmlzdHAyNTYAAAAIbmlzdHAyNTYAAABBBIrgGfDj0tMPtKxuKYUZMw/wgpyfX4/udAekyGrgnzmYFQ6+XZ4KIQTa/Du6haBiMNdVerBvkntiIwWd3ZvGd7U= root@ubuntu-xenial
ssh-ed25519 AAAAC3NzaC1lZDI1NTE5AAAAIIeWEJLFUYRouRY4DpLegHIjHThu6Cb+B2rcchklms7l root@ubuntu-xenial
ssh-rsa AAAAB3NzaC1yc2EAAAADAQABAAABAQDFAHIaKxPdq80H1owScnBl3OSNOz3MVJHxnmZ5iSql5qwxgwN72uMJ7h6Kbp1YnRungqq7wcAa3ClTS51iJHQRh23FaxAi2fm2Hue02djfoNOO1DLVNnp3rF2g3aR1taR9Uy7seBmG6I1NbeUho4d8rM07mnWThduqUlZyNlsZIvPcHOe9WF5xVr0i156GyVoOW9DorvoolvedtFwqQxyzH9Gjz30k6nG8O/2/crDcYYL39tht+EQkkOnvpFJO4V2VFA3R/Mz6WLHRl4mNUbG0bA0d3sYlgzufyYlLTeOJos+Saoq6psR4pPHzmEuew6wngprmmjPwV4lE82/F4pEB root@ubuntu-xenial
-----END SSH HOST KEY KEYS-----
[   46.021109] cloud-init[1340]: Cloud-init v. 17.1 running 'modules:final' at Tue, 20 Feb 2018 03:47:33 +0000. Up 44.89 seconds.
[   46.108503] cloud-init[1340]: ci-info: no authorized ssh keys fingerprints found for user ubuntu.
[[0;32m  OK  [0m] Started Execute cloud user/final scripts.
[   46.109692] cloud-init[1340]: Cloud-init v. 17.1 finished at Tue, 20 Feb 2018 03:47:34 +0000. Datasource DataSourceNoCloud [seed=/dev/sdb][dsmode=net].  Up 46.01 seconds
[[0;32m  OK  [0m] Reached target Cloud-init target.

Ubuntu 16.04.3 LTS ubuntu-xenial ttyS0

ubuntu-xenial login: 